<?xml version="1.0" encoding="UTF-8"?>
<!-- Generated by org.testng.reporters.JUnitXMLReporter -->
<testsuite ignored="0" hostname="DESKTOP-24NBDVL" failures="1" tests="17" name="Tutorials Ninja Nandi Tests" time="96.816" errors="0" timestamp="2023-02-11T17:39:26 IST">
  <testcase classname="com.tutorialsNinjaTestcases.RegisterTest" name="RegisterwithMandotoryFields" time="1.843"/>
  <testcase classname="com.tutorialsNinjaTestcases.RegisterTest" name="RegisterWithAllTheFields" time="1.812"/>
  <testcase classname="com.tutorialsNinjaTestcases.RegisterTest" name="RegisterWithDuplicateEmailAdress" time="1.215"/>
  <testcase classname="com.tutorialsNinjaTestcases.RegisterTest" name="RegisterWithoutCredentials" time="0.709"/>
  <testcase classname="com.tutorialsNinjaTestcases.RegisterTest" name="VerifyRegisteringWithYesOption" time="1.634"/>
  <testcase classname="com.tutorialsNinjaTestcases.LoginTest" name="LoginWithInvalidCredentials" time="0.776"/>
  <testcase classname="com.tutorialsNinjaTestcases.LoginTest" name="LoginWithInvalidEmailandvalidpassword" time="0.774"/>
  <testcase classname="com.tutorialsNinjaTestcases.LoginTest" name="LoginWithValidCredentials" time="0.852"/>
  <testcase classname="com.tutorialsNinjaTestcases.LoginTest" name="LoginWithValidCredentials" time="0.819"/>
  <testcase classname="com.tutorialsNinjaTestcases.LoginTest" name="LoginWithValidCredentials" time="0.755"/>
  <testcase classname="com.tutorialsNinjaTestcases.LoginTest" name="LoginWithValidEmailAndInvalidPossword" time="0.657"/>
  <testcase classname="com.tutorialsNinjaTestcases.LoginTest" name="LoginWithoutAnyCredentials" time="0.445"/>
  <testcase classname="com.tutorialsNinjaTestcases.LoginTest" name="VerifyForgotPosswordLink" time="0.517"/>
  <testcase classname="com.tutorialsNinjaTestcases.LoginTest" name="VerifyLoginWithNavigateToDifferentPage" time="10.11">
    <failure type="org.openqa.selenium.NoSuchElementException" message="no such element: Unable to locate element: {&amp;quot;method&amp;quot;:&amp;quot;link text&amp;quot;,&amp;quot;selector&amp;quot;:&amp;quot;login page&amp;quot;}
  (Session info: chrome=109.0.5414.120)
For documentation on this error, please visit: https://selenium.dev/exceptions/#no_such_element
Build info: version: &amp;apos;4.7.2&amp;apos;, revision: &amp;apos;4d4020c3b7&amp;apos;
System info: os.name: &amp;apos;Windows 10&amp;apos;, os.arch: &amp;apos;amd64&amp;apos;, os.version: &amp;apos;10.0&amp;apos;, java.version: &amp;apos;17.0.6&amp;apos;
Driver info: org.openqa.selenium.chrome.ChromeDriver
Command: [1f42292ad0f1f2ff9148a90f2edd531b, findElement {using=link text, value=login page}]
Capabilities {acceptInsecureCerts: false, browserName: chrome, browserVersion: 109.0.5414.120, chrome: {chromedriverVersion: 109.0.5414.74 (e7c5703604da..., userDataDir: C:\Users\NANDIS~1\AppData\L...}, goog:chromeOptions: {debuggerAddress: localhost:57750}, networkConnectionEnabled: false, pageLoadStrategy: normal, platformName: WINDOWS, proxy: Proxy(), se:cdp: ws://localhost:57750/devtoo..., se:cdpVersion: 109.0.5414.120, setWindowRect: true, strictFileInteractability: false, timeouts: {implicit: 0, pageLoad: 300000, script: 30000}, unhandledPromptBehavior: dismiss and notify, webauthn:extension:credBlob: true, webauthn:extension:largeBlob: true, webauthn:virtualAuthenticators: true}
Session ID: 1f42292ad0f1f2ff9148a90f2edd531b">
      <![CDATA[org.openqa.selenium.NoSuchElementException: no such element: Unable to locate element: {"method":"link text","selector":"login page"}
  (Session info: chrome=109.0.5414.120)
For documentation on this error, please visit: https://selenium.dev/exceptions/#no_such_element
Build info: version: '4.7.2', revision: '4d4020c3b7'
System info: os.name: 'Windows 10', os.arch: 'amd64', os.version: '10.0', java.version: '17.0.6'
Driver info: org.openqa.selenium.chrome.ChromeDriver
Command: [1f42292ad0f1f2ff9148a90f2edd531b, findElement {using=link text, value=login page}]
Capabilities {acceptInsecureCerts: false, browserName: chrome, browserVersion: 109.0.5414.120, chrome: {chromedriverVersion: 109.0.5414.74 (e7c5703604da..., userDataDir: C:\Users\NANDIS~1\AppData\L...}, goog:chromeOptions: {debuggerAddress: localhost:57750}, networkConnectionEnabled: false, pageLoadStrategy: normal, platformName: WINDOWS, proxy: Proxy(), se:cdp: ws://localhost:57750/devtoo..., se:cdpVersion: 109.0.5414.120, setWindowRect: true, strictFileInteractability: false, timeouts: {implicit: 0, pageLoad: 300000, script: 30000}, unhandledPromptBehavior: dismiss and notify, webauthn:extension:credBlob: true, webauthn:extension:largeBlob: true, webauthn:virtualAuthenticators: true}
Session ID: 1f42292ad0f1f2ff9148a90f2edd531b
at org.openqa.selenium.remote.codec.w3c.W3CHttpResponseCodec.createException(W3CHttpResponseCodec.java:200)
at org.openqa.selenium.remote.codec.w3c.W3CHttpResponseCodec.decode(W3CHttpResponseCodec.java:133)
at org.openqa.selenium.remote.codec.w3c.W3CHttpResponseCodec.decode(W3CHttpResponseCodec.java:53)
at org.openqa.selenium.remote.HttpCommandExecutor.execute(HttpCommandExecutor.java:184)
at org.openqa.selenium.remote.service.DriverCommandExecutor.invokeExecute(DriverCommandExecutor.java:167)
at org.openqa.selenium.remote.service.DriverCommandExecutor.execute(DriverCommandExecutor.java:142)
at org.openqa.selenium.remote.RemoteWebDriver.execute(RemoteWebDriver.java:535)
at org.openqa.selenium.remote.ElementLocation$ElementFinder$2.findElement(ElementLocation.java:162)
at org.openqa.selenium.remote.ElementLocation.findElement(ElementLocation.java:60)
at org.openqa.selenium.remote.RemoteWebDriver.findElement(RemoteWebDriver.java:351)
at org.openqa.selenium.remote.RemoteWebDriver.findElement(RemoteWebDriver.java:343)
at org.openqa.selenium.support.pagefactory.DefaultElementLocator.findElement(DefaultElementLocator.java:70)
at org.openqa.selenium.support.pagefactory.internal.LocatingElementHandler.invoke(LocatingElementHandler.java:39)
at jdk.proxy2/jdk.proxy2.$Proxy18.click(Unknown Source)
at com.tutorialninja.qa.pagesfactory.RegisterPage.ClickOnLoginOptionInRigesterPage(RegisterPage.java:76)
at com.tutorialsNinjaTestcases.LoginTest.VerifyLoginWithNavigateToDifferentPage(LoginTest.java:205)
at java.base/java.util.ArrayList.forEach(ArrayList.java:1511)
... Removed 32 stack frames]]>
    </failure>
  </testcase> <!-- VerifyLoginWithNavigateToDifferentPage -->
  <testcase classname="com.tutorialsNinjaTestcases.SearchTest" name="VerifySearchWithValidProduct" time="0.856"/>
  <testcase classname="com.tutorialsNinjaTestcases.SearchTest" name="VerifySearchWithInvalidproduct" time="0.808"/>
  <testcase classname="com.tutorialsNinjaTestcases.SearchTest" name="VerifySearchWithoutAnyProduct" time="0.824"/>
</testsuite> <!-- Tutorials Ninja Nandi Tests -->
